<?xml version="1.0" encoding="UTF-8"?>
<!-- Generated by org.testng.reporters.JUnitReportReporter -->
<testsuite hostname="DESKTOP-9VP6E9C" failures="0" tests="1" name="Testcase.basic" time="9.123" errors="0" timestamp="2021-10-18T08:48:29 IST" skipped="0">
  <testcase classname="Testcase.basic" name="basictestcase" time="9.123"/>
  <system-out/>
</testsuite> <!-- Testcase.basic -->
