<?xml version="1.0" encoding="UTF-8"?>
<!-- Generated by org.testng.reporters.JUnitReportReporter -->
<testsuite hostname="DESKTOP-9VP6E9C" failures="0" tests="1" name="Testcase.basic" time="5.921" errors="0" timestamp="2021-10-23T16:07:52 IST" skipped="0">
  <testcase classname="Testcase.basic" name="basictestcase" time="5.921"/>
  <system-out/>
</testsuite> <!-- Testcase.basic -->
